ALPHA........nod88lib     ALPHA_NUMERIC.nod88lib
BOTTOM_LEFT..nod88lib     BOTTOM_RIGHT.nod88lib
BOTTOM_UP....nod88lib     BREAKPOINTS..nod88lib
BYTE2_BIN....nod88lib     CLEAR_SCREEN.nod88lib
CLICK_OFF....nod88lib     CLICK_ON.....nod88lib
CMD_ERROR....nod88lib     CROSS........nod88lib
CURSOR_OFF...nod88lib     CURSOR_ON....nod88lib
DELETE_EOLN..nod88lib     DELETE_LINE..nod88lib
DISABLE_25TH.nod88lib     DISPLACEMENT_BYTE.nod88lib
DISPLACEMENT_WORD.nod88lib DIV32.......nod88lib
DOUBLE_REG...nod88lib     ENABLE_25TH..nod88lib
FLAGS........nod88lib     GET_CHAR.....nod88lib
GET_CHARX....nod88lib     GET_NEXT_CHARX.nod88lib
GET_SEGMENT..nod88lib     GRAPHICS_OFF.nod88lib
GRAPHICS_ON..nod88lib     HORIZONTAL...nod88lib
IMMEDIATE_BYTE.nod88lib   IMMEDIATE_WORD.nod88lib
INPUT_CHAR...nod88lib     INS_INIT.....nod88lib
LCURSOR......nod88lib     LEFT2_RIGHT..nod88lib
LEFT_COMMAND.nod88lib     MOVETO.......nod88lib
nod88lib!....nod88lib     NUMERIC......nod88lib
OUTHEX_AL....nod88lib     OUTHEX_AL_BUFF.nod88lib
OUTHEX_AX....nod88lib     OUTHEX_AX_BUFF.nod88lib
OUTPUT_ASC...nod88lib     OUTPUT_BP....nod88lib
OUTPUT_BUFFER.nod88lib    OUTPUT_BX....nod88lib
OUTPUT_CHAR..nod88lib     OUTPUT_DECIMAL.nod88lib
OUTPUT_DI....nod88lib     OUTPUT_LSQB..nod88lib
OUTPUT_MINUS.nod88lib     OUTPUT_MNEMONIC.nod88lib
OUTPUT_PLUS..nod88lib     OUTPUT_RSQB..nod88lib
OUTPUT_SI....nod88lib     OUTPUT_STRING.nod88lib
POINTERS.....nod88lib     RCURSOR......nod88lib
REGISTERS....nod88lib     RESTORE_CURSOR.nod88lib
REVERSE_OFF..nod88lib     REVERSE_ON...nod88lib
RIGHT2_LEFT..nod88lib     RIGHT_COMMAND.nod88lib
SAVE_CURSOR..nod88lib     SEG_LETTER...nod88lib
SINGLE_REG...nod88lib     STACK_DISPLAY.nod88lib
TOP_DOWN.....nod88lib     TOP_LEFT.....nod88lib
TOP_RIGHT....nod88lib     VERTICAL.....nod88lib
WORD2_BIN....nod88lib     

nod88lib     Offset: 200H   Code and data size: 889H
 ALPHA        ALPHA_NUMERIC             BOTTOM_LEFT
 BOTTOM_RIGHT BOTTOM_UP    BREAKPOINTS  BYTE2_BIN
 CLEAR_SCREEN CLICK_OFF    CLICK_ON     CMD_ERROR
 CROSS        CURSOR_OFF   CURSOR_ON    DELETE_EOLN
 DELETE_LINE  DISABLE_25TH DISPLACEMENT_BYTE
 DISPLACEMENT_WORD         DIV32        DOUBLE_REG
 ENABLE_25TH  FLAGS        GET_CHAR     GET_CHARX
 GET_NEXT_CHARX            GET_SEGMENT  GRAPHICS_OFF
 GRAPHICS_ON  HORIZONTAL   IMMEDIATE_BYTE
 IMMEDIATE_WORD            INPUT_CHAR   INS_INIT
 LCURSOR      LEFT2_RIGHT  LEFT_COMMAND MOVETO
 nod88lib!    NUMERIC      OUTHEX_AL    OUTHEX_AL_BUFF
 OUTHEX_AX    OUTHEX_AX_BUFF            OUTPUT_ASC
 OUTPUT_BP    OUTPUT_BUFFER             OUTPUT_BX
 OUTPUT_CHAR  OUTPUT_DECIMAL            OUTPUT_DI
 OUTPUT_LSQB  OUTPUT_MINUS OUTPUT_MNEMONIC
 OUTPUT_PLUS  OUTPUT_RSQB  OUTPUT_SI    OUTPUT_STRING
 POINTERS     RCURSOR      REGISTERS    RESTORE_CURSOR
 REVERSE_OFF  REVERSE_ON   RIGHT2_LEFT  RIGHT_COMMAND
 SAVE_CURSOR  SEG_LETTER   SINGLE_REG   STACK_DISPLAY
 TOP_DOWN     TOP_LEFT     TOP_RIGHT    VERTICAL
 WORD2_BIN   
